<?xml version="1.0" encoding="UTF-8"?>
<testsuite xmlns:xsi="http://www.w3.org/2001/XMLSchema-instance" xsi:noNamespaceSchemaLocation="https://maven.apache.org/surefire/maven-surefire-plugin/xsd/surefire-test-report-3.0.xsd" version="3.0" name="TestSuite" time="619.319" tests="5" errors="0" skipped="0" failures="1">
  <properties>
    <property name="sun.desktop" value="gnome"/>
    <property name="awt.toolkit" value="sun.awt.X11.XToolkit"/>
    <property name="java.specification.version" value="11"/>
    <property name="sun.cpu.isalist" value=""/>
    <property name="sun.jnu.encoding" value="UTF-8"/>
    <property name="java.class.path" value="/home/gs-muhammad-zeeshan/Desktop/selgocompliance/seleniumframework/target/test-classes:/home/gs-muhammad-zeeshan/Desktop/selgocompliance/seleniumframework/target/classes:/home/gs-muhammad-zeeshan/.m2/repository/org/seleniumhq/selenium/selenium-java/4.19.0/selenium-java-4.19.0.jar:/home/gs-muhammad-zeeshan/.m2/repository/org/seleniumhq/selenium/selenium-api/4.19.0/selenium-api-4.19.0.jar:/home/gs-muhammad-zeeshan/.m2/repository/org/seleniumhq/selenium/selenium-chrome-driver/4.19.0/selenium-chrome-driver-4.19.0.jar:/home/gs-muhammad-zeeshan/.m2/repository/com/google/auto/service/auto-service-annotations/1.1.1/auto-service-annotations-1.1.1.jar:/home/gs-muhammad-zeeshan/.m2/repository/org/seleniumhq/selenium/selenium-chromium-driver/4.19.0/selenium-chromium-driver-4.19.0.jar:/home/gs-muhammad-zeeshan/.m2/repository/org/seleniumhq/selenium/selenium-json/4.19.0/selenium-json-4.19.0.jar:/home/gs-muhammad-zeeshan/.m2/repository/org/seleniumhq/selenium/selenium-manager/4.19.0/selenium-manager-4.19.0.jar:/home/gs-muhammad-zeeshan/.m2/repository/org/seleniumhq/selenium/selenium-devtools-v121/4.19.0/selenium-devtools-v121-4.19.0.jar:/home/gs-muhammad-zeeshan/.m2/repository/org/seleniumhq/selenium/selenium-devtools-v122/4.19.0/selenium-devtools-v122-4.19.0.jar:/home/gs-muhammad-zeeshan/.m2/repository/org/seleniumhq/selenium/selenium-devtools-v123/4.19.0/selenium-devtools-v123-4.19.0.jar:/home/gs-muhammad-zeeshan/.m2/repository/org/seleniumhq/selenium/selenium-devtools-v85/4.19.0/selenium-devtools-v85-4.19.0.jar:/home/gs-muhammad-zeeshan/.m2/repository/org/seleniumhq/selenium/selenium-edge-driver/4.19.0/selenium-edge-driver-4.19.0.jar:/home/gs-muhammad-zeeshan/.m2/repository/org/seleniumhq/selenium/selenium-firefox-driver/4.19.0/selenium-firefox-driver-4.19.0.jar:/home/gs-muhammad-zeeshan/.m2/repository/org/seleniumhq/selenium/selenium-http/4.19.0/selenium-http-4.19.0.jar:/home/gs-muhammad-zeeshan/.m2/repository/dev/failsafe/failsafe/3.3.2/failsafe-3.3.2.jar:/home/gs-muhammad-zeeshan/.m2/repository/org/seleniumhq/selenium/selenium-ie-driver/4.19.0/selenium-ie-driver-4.19.0.jar:/home/gs-muhammad-zeeshan/.m2/repository/org/seleniumhq/selenium/selenium-remote-driver/4.19.0/selenium-remote-driver-4.19.0.jar:/home/gs-muhammad-zeeshan/.m2/repository/com/google/guava/guava/33.1.0-jre/guava-33.1.0-jre.jar:/home/gs-muhammad-zeeshan/.m2/repository/com/google/guava/failureaccess/1.0.2/failureaccess-1.0.2.jar:/home/gs-muhammad-zeeshan/.m2/repository/com/google/guava/listenablefuture/9999.0-empty-to-avoid-conflict-with-guava/listenablefuture-9999.0-empty-to-avoid-conflict-with-guava.jar:/home/gs-muhammad-zeeshan/.m2/repository/com/google/code/findbugs/jsr305/3.0.2/jsr305-3.0.2.jar:/home/gs-muhammad-zeeshan/.m2/repository/org/checkerframework/checker-qual/3.42.0/checker-qual-3.42.0.jar:/home/gs-muhammad-zeeshan/.m2/repository/com/google/errorprone/error_prone_annotations/2.26.1/error_prone_annotations-2.26.1.jar:/home/gs-muhammad-zeeshan/.m2/repository/com/google/j2objc/j2objc-annotations/3.0.0/j2objc-annotations-3.0.0.jar:/home/gs-muhammad-zeeshan/.m2/repository/io/opentelemetry/semconv/opentelemetry-semconv/1.23.1-alpha/opentelemetry-semconv-1.23.1-alpha.jar:/home/gs-muhammad-zeeshan/.m2/repository/io/opentelemetry/opentelemetry-api/1.36.0/opentelemetry-api-1.36.0.jar:/home/gs-muhammad-zeeshan/.m2/repository/io/opentelemetry/opentelemetry-context/1.36.0/opentelemetry-context-1.36.0.jar:/home/gs-muhammad-zeeshan/.m2/repository/io/opentelemetry/opentelemetry-exporter-logging/1.36.0/opentelemetry-exporter-logging-1.36.0.jar:/home/gs-muhammad-zeeshan/.m2/repository/io/opentelemetry/opentelemetry-sdk-common/1.36.0/opentelemetry-sdk-common-1.36.0.jar:/home/gs-muhammad-zeeshan/.m2/repository/io/opentelemetry/opentelemetry-sdk-extension-autoconfigure-spi/1.36.0/opentelemetry-sdk-extension-autoconfigure-spi-1.36.0.jar:/home/gs-muhammad-zeeshan/.m2/repository/io/opentelemetry/opentelemetry-sdk-extension-autoconfigure/1.36.0/opentelemetry-sdk-extension-autoconfigure-1.36.0.jar:/home/gs-muhammad-zeeshan/.m2/repository/io/opentelemetry/opentelemetry-api-events/1.36.0-alpha/opentelemetry-api-events-1.36.0-alpha.jar:/home/gs-muhammad-zeeshan/.m2/repository/io/opentelemetry/opentelemetry-sdk-trace/1.36.0/opentelemetry-sdk-trace-1.36.0.jar:/home/gs-muhammad-zeeshan/.m2/repository/io/opentelemetry/opentelemetry-extension-incubator/1.36.0-alpha/opentelemetry-extension-incubator-1.36.0-alpha.jar:/home/gs-muhammad-zeeshan/.m2/repository/io/opentelemetry/opentelemetry-sdk/1.36.0/opentelemetry-sdk-1.36.0.jar:/home/gs-muhammad-zeeshan/.m2/repository/io/opentelemetry/opentelemetry-sdk-metrics/1.36.0/opentelemetry-sdk-metrics-1.36.0.jar:/home/gs-muhammad-zeeshan/.m2/repository/io/opentelemetry/opentelemetry-sdk-logs/1.36.0/opentelemetry-sdk-logs-1.36.0.jar:/home/gs-muhammad-zeeshan/.m2/repository/net/bytebuddy/byte-buddy/1.14.12/byte-buddy-1.14.12.jar:/home/gs-muhammad-zeeshan/.m2/repository/org/seleniumhq/selenium/selenium-os/4.19.0/selenium-os-4.19.0.jar:/home/gs-muhammad-zeeshan/.m2/repository/org/apache/commons/commons-exec/1.3/commons-exec-1.3.jar:/home/gs-muhammad-zeeshan/.m2/repository/org/seleniumhq/selenium/selenium-safari-driver/4.19.0/selenium-safari-driver-4.19.0.jar:/home/gs-muhammad-zeeshan/.m2/repository/org/seleniumhq/selenium/selenium-support/4.19.0/selenium-support-4.19.0.jar:/home/gs-muhammad-zeeshan/.m2/repository/org/testng/testng/7.9.0/testng-7.9.0.jar:/home/gs-muhammad-zeeshan/.m2/repository/org/slf4j/slf4j-api/1.7.36/slf4j-api-1.7.36.jar:/home/gs-muhammad-zeeshan/.m2/repository/com/beust/jcommander/1.82/jcommander-1.82.jar:/home/gs-muhammad-zeeshan/.m2/repository/org/webjars/jquery/3.7.1/jquery-3.7.1.jar:/home/gs-muhammad-zeeshan/.m2/repository/com/aventstack/extentreports/5.1.1/extentreports-5.1.1.jar:/home/gs-muhammad-zeeshan/.m2/repository/io/reactivex/rxjava3/rxjava/3.1.6/rxjava-3.1.6.jar:/home/gs-muhammad-zeeshan/.m2/repository/org/reactivestreams/reactive-streams/1.0.4/reactive-streams-1.0.4.jar:/home/gs-muhammad-zeeshan/.m2/repository/org/freemarker/freemarker/2.3.32/freemarker-2.3.32.jar:/home/gs-muhammad-zeeshan/.m2/repository/org/projectlombok/lombok/1.18.26/lombok-1.18.26.jar:/home/gs-muhammad-zeeshan/.m2/repository/com/google/code/gson/gson/2.10.1/gson-2.10.1.jar:/home/gs-muhammad-zeeshan/.m2/repository/io/github/bonigarcia/webdrivermanager/5.8.0/webdrivermanager-5.8.0.jar:/home/gs-muhammad-zeeshan/.m2/repository/com/github/docker-java/docker-java/3.3.6/docker-java-3.3.6.jar:/home/gs-muhammad-zeeshan/.m2/repository/com/github/docker-java/docker-java-core/3.3.6/docker-java-core-3.3.6.jar:/home/gs-muhammad-zeeshan/.m2/repository/com/github/docker-java/docker-java-api/3.3.6/docker-java-api-3.3.6.jar:/home/gs-muhammad-zeeshan/.m2/repository/com/fasterxml/jackson/core/jackson-annotations/2.10.3/jackson-annotations-2.10.3.jar:/home/gs-muhammad-zeeshan/.m2/repository/com/fasterxml/jackson/core/jackson-databind/2.10.3/jackson-databind-2.10.3.jar:/home/gs-muhammad-zeeshan/.m2/repository/com/fasterxml/jackson/core/jackson-core/2.10.3/jackson-core-2.10.3.jar:/home/gs-muhammad-zeeshan/.m2/repository/org/bouncycastle/bcpkix-jdk18on/1.76/bcpkix-jdk18on-1.76.jar:/home/gs-muhammad-zeeshan/.m2/repository/org/bouncycastle/bcprov-jdk18on/1.76/bcprov-jdk18on-1.76.jar:/home/gs-muhammad-zeeshan/.m2/repository/org/bouncycastle/bcutil-jdk18on/1.76/bcutil-jdk18on-1.76.jar:/home/gs-muhammad-zeeshan/.m2/repository/org/slf4j/jcl-over-slf4j/1.7.30/jcl-over-slf4j-1.7.30.jar:/home/gs-muhammad-zeeshan/.m2/repository/com/github/docker-java/docker-java-transport-httpclient5/3.3.6/docker-java-transport-httpclient5-3.3.6.jar:/home/gs-muhammad-zeeshan/.m2/repository/com/github/docker-java/docker-java-transport/3.3.6/docker-java-transport-3.3.6.jar:/home/gs-muhammad-zeeshan/.m2/repository/net/java/dev/jna/jna/5.13.0/jna-5.13.0.jar:/home/gs-muhammad-zeeshan/.m2/repository/org/brotli/dec/0.1.2/dec-0.1.2.jar:/home/gs-muhammad-zeeshan/.m2/repository/org/apache/commons/commons-lang3/3.14.0/commons-lang3-3.14.0.jar:/home/gs-muhammad-zeeshan/.m2/repository/org/apache/commons/commons-compress/1.26.1/commons-compress-1.26.1.jar:/home/gs-muhammad-zeeshan/.m2/repository/commons-codec/commons-codec/1.16.1/commons-codec-1.16.1.jar:/home/gs-muhammad-zeeshan/.m2/repository/commons-io/commons-io/2.15.1/commons-io-2.15.1.jar:/home/gs-muhammad-zeeshan/.m2/repository/org/apache/httpcomponents/client5/httpclient5/5.2.1/httpclient5-5.2.1.jar:/home/gs-muhammad-zeeshan/.m2/repository/org/apache/httpcomponents/core5/httpcore5/5.2/httpcore5-5.2.jar:/home/gs-muhammad-zeeshan/.m2/repository/org/apache/httpcomponents/core5/httpcore5-h2/5.2/httpcore5-h2-5.2.jar:/home/gs-muhammad-zeeshan/.m2/repository/io/reactivex/rxjava/1.3.8/rxjava-1.3.8.jar:"/>
    <property name="java.vm.vendor" value="Ubuntu"/>
    <property name="sun.arch.data.model" value="64"/>
    <property name="java.vendor.url" value="https://ubuntu.com/"/>
    <property name="user.timezone" value="Asia/Karachi"/>
    <property name="java.vm.specification.version" value="11"/>
    <property name="os.name" value="Linux"/>
    <property name="sun.java.launcher" value="SUN_STANDARD"/>
    <property name="user.country" value="US"/>
    <property name="sun.boot.library.path" value="/usr/lib/jvm/java-11-openjdk-amd64/lib"/>
    <property name="sun.java.command" value="/home/gs-muhammad-zeeshan/Desktop/selgocompliance/seleniumframework/target/surefire/surefirebooter-20250715182937643_3.jar /home/gs-muhammad-zeeshan/Desktop/selgocompliance/seleniumframework/target/surefire 2025-07-15T18-29-37_293-jvmRun1 surefire-20250715182937643_1tmp surefire_0-20250715182937643_2tmp"/>
    <property name="jdk.debug" value="release"/>
    <property name="surefire.test.class.path" value="/home/gs-muhammad-zeeshan/Desktop/selgocompliance/seleniumframework/target/test-classes:/home/gs-muhammad-zeeshan/Desktop/selgocompliance/seleniumframework/target/classes:/home/gs-muhammad-zeeshan/.m2/repository/org/seleniumhq/selenium/selenium-java/4.19.0/selenium-java-4.19.0.jar:/home/gs-muhammad-zeeshan/.m2/repository/org/seleniumhq/selenium/selenium-api/4.19.0/selenium-api-4.19.0.jar:/home/gs-muhammad-zeeshan/.m2/repository/org/seleniumhq/selenium/selenium-chrome-driver/4.19.0/selenium-chrome-driver-4.19.0.jar:/home/gs-muhammad-zeeshan/.m2/repository/com/google/auto/service/auto-service-annotations/1.1.1/auto-service-annotations-1.1.1.jar:/home/gs-muhammad-zeeshan/.m2/repository/org/seleniumhq/selenium/selenium-chromium-driver/4.19.0/selenium-chromium-driver-4.19.0.jar:/home/gs-muhammad-zeeshan/.m2/repository/org/seleniumhq/selenium/selenium-json/4.19.0/selenium-json-4.19.0.jar:/home/gs-muhammad-zeeshan/.m2/repository/org/seleniumhq/selenium/selenium-manager/4.19.0/selenium-manager-4.19.0.jar:/home/gs-muhammad-zeeshan/.m2/repository/org/seleniumhq/selenium/selenium-devtools-v121/4.19.0/selenium-devtools-v121-4.19.0.jar:/home/gs-muhammad-zeeshan/.m2/repository/org/seleniumhq/selenium/selenium-devtools-v122/4.19.0/selenium-devtools-v122-4.19.0.jar:/home/gs-muhammad-zeeshan/.m2/repository/org/seleniumhq/selenium/selenium-devtools-v123/4.19.0/selenium-devtools-v123-4.19.0.jar:/home/gs-muhammad-zeeshan/.m2/repository/org/seleniumhq/selenium/selenium-devtools-v85/4.19.0/selenium-devtools-v85-4.19.0.jar:/home/gs-muhammad-zeeshan/.m2/repository/org/seleniumhq/selenium/selenium-edge-driver/4.19.0/selenium-edge-driver-4.19.0.jar:/home/gs-muhammad-zeeshan/.m2/repository/org/seleniumhq/selenium/selenium-firefox-driver/4.19.0/selenium-firefox-driver-4.19.0.jar:/home/gs-muhammad-zeeshan/.m2/repository/org/seleniumhq/selenium/selenium-http/4.19.0/selenium-http-4.19.0.jar:/home/gs-muhammad-zeeshan/.m2/repository/dev/failsafe/failsafe/3.3.2/failsafe-3.3.2.jar:/home/gs-muhammad-zeeshan/.m2/repository/org/seleniumhq/selenium/selenium-ie-driver/4.19.0/selenium-ie-driver-4.19.0.jar:/home/gs-muhammad-zeeshan/.m2/repository/org/seleniumhq/selenium/selenium-remote-driver/4.19.0/selenium-remote-driver-4.19.0.jar:/home/gs-muhammad-zeeshan/.m2/repository/com/google/guava/guava/33.1.0-jre/guava-33.1.0-jre.jar:/home/gs-muhammad-zeeshan/.m2/repository/com/google/guava/failureaccess/1.0.2/failureaccess-1.0.2.jar:/home/gs-muhammad-zeeshan/.m2/repository/com/google/guava/listenablefuture/9999.0-empty-to-avoid-conflict-with-guava/listenablefuture-9999.0-empty-to-avoid-conflict-with-guava.jar:/home/gs-muhammad-zeeshan/.m2/repository/com/google/code/findbugs/jsr305/3.0.2/jsr305-3.0.2.jar:/home/gs-muhammad-zeeshan/.m2/repository/org/checkerframework/checker-qual/3.42.0/checker-qual-3.42.0.jar:/home/gs-muhammad-zeeshan/.m2/repository/com/google/errorprone/error_prone_annotations/2.26.1/error_prone_annotations-2.26.1.jar:/home/gs-muhammad-zeeshan/.m2/repository/com/google/j2objc/j2objc-annotations/3.0.0/j2objc-annotations-3.0.0.jar:/home/gs-muhammad-zeeshan/.m2/repository/io/opentelemetry/semconv/opentelemetry-semconv/1.23.1-alpha/opentelemetry-semconv-1.23.1-alpha.jar:/home/gs-muhammad-zeeshan/.m2/repository/io/opentelemetry/opentelemetry-api/1.36.0/opentelemetry-api-1.36.0.jar:/home/gs-muhammad-zeeshan/.m2/repository/io/opentelemetry/opentelemetry-context/1.36.0/opentelemetry-context-1.36.0.jar:/home/gs-muhammad-zeeshan/.m2/repository/io/opentelemetry/opentelemetry-exporter-logging/1.36.0/opentelemetry-exporter-logging-1.36.0.jar:/home/gs-muhammad-zeeshan/.m2/repository/io/opentelemetry/opentelemetry-sdk-common/1.36.0/opentelemetry-sdk-common-1.36.0.jar:/home/gs-muhammad-zeeshan/.m2/repository/io/opentelemetry/opentelemetry-sdk-extension-autoconfigure-spi/1.36.0/opentelemetry-sdk-extension-autoconfigure-spi-1.36.0.jar:/home/gs-muhammad-zeeshan/.m2/repository/io/opentelemetry/opentelemetry-sdk-extension-autoconfigure/1.36.0/opentelemetry-sdk-extension-autoconfigure-1.36.0.jar:/home/gs-muhammad-zeeshan/.m2/repository/io/opentelemetry/opentelemetry-api-events/1.36.0-alpha/opentelemetry-api-events-1.36.0-alpha.jar:/home/gs-muhammad-zeeshan/.m2/repository/io/opentelemetry/opentelemetry-sdk-trace/1.36.0/opentelemetry-sdk-trace-1.36.0.jar:/home/gs-muhammad-zeeshan/.m2/repository/io/opentelemetry/opentelemetry-extension-incubator/1.36.0-alpha/opentelemetry-extension-incubator-1.36.0-alpha.jar:/home/gs-muhammad-zeeshan/.m2/repository/io/opentelemetry/opentelemetry-sdk/1.36.0/opentelemetry-sdk-1.36.0.jar:/home/gs-muhammad-zeeshan/.m2/repository/io/opentelemetry/opentelemetry-sdk-metrics/1.36.0/opentelemetry-sdk-metrics-1.36.0.jar:/home/gs-muhammad-zeeshan/.m2/repository/io/opentelemetry/opentelemetry-sdk-logs/1.36.0/opentelemetry-sdk-logs-1.36.0.jar:/home/gs-muhammad-zeeshan/.m2/repository/net/bytebuddy/byte-buddy/1.14.12/byte-buddy-1.14.12.jar:/home/gs-muhammad-zeeshan/.m2/repository/org/seleniumhq/selenium/selenium-os/4.19.0/selenium-os-4.19.0.jar:/home/gs-muhammad-zeeshan/.m2/repository/org/apache/commons/commons-exec/1.3/commons-exec-1.3.jar:/home/gs-muhammad-zeeshan/.m2/repository/org/seleniumhq/selenium/selenium-safari-driver/4.19.0/selenium-safari-driver-4.19.0.jar:/home/gs-muhammad-zeeshan/.m2/repository/org/seleniumhq/selenium/selenium-support/4.19.0/selenium-support-4.19.0.jar:/home/gs-muhammad-zeeshan/.m2/repository/org/testng/testng/7.9.0/testng-7.9.0.jar:/home/gs-muhammad-zeeshan/.m2/repository/org/slf4j/slf4j-api/1.7.36/slf4j-api-1.7.36.jar:/home/gs-muhammad-zeeshan/.m2/repository/com/beust/jcommander/1.82/jcommander-1.82.jar:/home/gs-muhammad-zeeshan/.m2/repository/org/webjars/jquery/3.7.1/jquery-3.7.1.jar:/home/gs-muhammad-zeeshan/.m2/repository/com/aventstack/extentreports/5.1.1/extentreports-5.1.1.jar:/home/gs-muhammad-zeeshan/.m2/repository/io/reactivex/rxjava3/rxjava/3.1.6/rxjava-3.1.6.jar:/home/gs-muhammad-zeeshan/.m2/repository/org/reactivestreams/reactive-streams/1.0.4/reactive-streams-1.0.4.jar:/home/gs-muhammad-zeeshan/.m2/repository/org/freemarker/freemarker/2.3.32/freemarker-2.3.32.jar:/home/gs-muhammad-zeeshan/.m2/repository/org/projectlombok/lombok/1.18.26/lombok-1.18.26.jar:/home/gs-muhammad-zeeshan/.m2/repository/com/google/code/gson/gson/2.10.1/gson-2.10.1.jar:/home/gs-muhammad-zeeshan/.m2/repository/io/github/bonigarcia/webdrivermanager/5.8.0/webdrivermanager-5.8.0.jar:/home/gs-muhammad-zeeshan/.m2/repository/com/github/docker-java/docker-java/3.3.6/docker-java-3.3.6.jar:/home/gs-muhammad-zeeshan/.m2/repository/com/github/docker-java/docker-java-core/3.3.6/docker-java-core-3.3.6.jar:/home/gs-muhammad-zeeshan/.m2/repository/com/github/docker-java/docker-java-api/3.3.6/docker-java-api-3.3.6.jar:/home/gs-muhammad-zeeshan/.m2/repository/com/fasterxml/jackson/core/jackson-annotations/2.10.3/jackson-annotations-2.10.3.jar:/home/gs-muhammad-zeeshan/.m2/repository/com/fasterxml/jackson/core/jackson-databind/2.10.3/jackson-databind-2.10.3.jar:/home/gs-muhammad-zeeshan/.m2/repository/com/fasterxml/jackson/core/jackson-core/2.10.3/jackson-core-2.10.3.jar:/home/gs-muhammad-zeeshan/.m2/repository/org/bouncycastle/bcpkix-jdk18on/1.76/bcpkix-jdk18on-1.76.jar:/home/gs-muhammad-zeeshan/.m2/repository/org/bouncycastle/bcprov-jdk18on/1.76/bcprov-jdk18on-1.76.jar:/home/gs-muhammad-zeeshan/.m2/repository/org/bouncycastle/bcutil-jdk18on/1.76/bcutil-jdk18on-1.76.jar:/home/gs-muhammad-zeeshan/.m2/repository/org/slf4j/jcl-over-slf4j/1.7.30/jcl-over-slf4j-1.7.30.jar:/home/gs-muhammad-zeeshan/.m2/repository/com/github/docker-java/docker-java-transport-httpclient5/3.3.6/docker-java-transport-httpclient5-3.3.6.jar:/home/gs-muhammad-zeeshan/.m2/repository/com/github/docker-java/docker-java-transport/3.3.6/docker-java-transport-3.3.6.jar:/home/gs-muhammad-zeeshan/.m2/repository/net/java/dev/jna/jna/5.13.0/jna-5.13.0.jar:/home/gs-muhammad-zeeshan/.m2/repository/org/brotli/dec/0.1.2/dec-0.1.2.jar:/home/gs-muhammad-zeeshan/.m2/repository/org/apache/commons/commons-lang3/3.14.0/commons-lang3-3.14.0.jar:/home/gs-muhammad-zeeshan/.m2/repository/org/apache/commons/commons-compress/1.26.1/commons-compress-1.26.1.jar:/home/gs-muhammad-zeeshan/.m2/repository/commons-codec/commons-codec/1.16.1/commons-codec-1.16.1.jar:/home/gs-muhammad-zeeshan/.m2/repository/commons-io/commons-io/2.15.1/commons-io-2.15.1.jar:/home/gs-muhammad-zeeshan/.m2/repository/org/apache/httpcomponents/client5/httpclient5/5.2.1/httpclient5-5.2.1.jar:/home/gs-muhammad-zeeshan/.m2/repository/org/apache/httpcomponents/core5/httpcore5/5.2/httpcore5-5.2.jar:/home/gs-muhammad-zeeshan/.m2/repository/org/apache/httpcomponents/core5/httpcore5-h2/5.2/httpcore5-h2-5.2.jar:/home/gs-muhammad-zeeshan/.m2/repository/io/reactivex/rxjava/1.3.8/rxjava-1.3.8.jar:"/>
    <property name="sun.cpu.endian" value="little"/>
    <property name="user.home" value="/home/gs-muhammad-zeeshan"/>
    <property name="user.language" value="en"/>
    <property name="java.specification.vendor" value="Oracle Corporation"/>
    <property name="java.version.date" value="2025-04-15"/>
    <property name="java.home" value="/usr/lib/jvm/java-11-openjdk-amd64"/>
    <property name="file.separator" value="/"/>
    <property name="basedir" value="/home/gs-muhammad-zeeshan/Desktop/selgocompliance/seleniumframework"/>
    <property name="java.vm.compressedOopsMode" value="Zero based"/>
    <property name="line.separator" value="&#10;"/>
    <property name="java.specification.name" value="Java Platform API Specification"/>
    <property name="java.vm.specification.vendor" value="Oracle Corporation"/>
    <property name="java.awt.graphicsenv" value="sun.awt.X11GraphicsEnvironment"/>
    <property name="surefire.real.class.path" value="/home/gs-muhammad-zeeshan/Desktop/selgocompliance/seleniumframework/target/surefire/surefirebooter-20250715182937643_3.jar"/>
    <property name="sun.management.compiler" value="HotSpot 64-Bit Tiered Compilers"/>
    <property name="java.runtime.version" value="11.0.27+6-post-Ubuntu-0ubuntu122.04"/>
    <property name="user.name" value="gs-muhammad-zeeshan"/>
    <property name="path.separator" value=":"/>
    <property name="os.version" value="6.8.0-60-generic"/>
    <property name="java.runtime.name" value="OpenJDK Runtime Environment"/>
    <property name="file.encoding" value="UTF-8"/>
    <property name="java.vm.name" value="OpenJDK 64-Bit Server VM"/>
    <property name="localRepository" value="/home/gs-muhammad-zeeshan/.m2/repository"/>
    <property name="java.vendor.url.bug" value="https://bugs.launchpad.net/ubuntu/+source/openjdk-lts"/>
    <property name="java.io.tmpdir" value="/tmp"/>
    <property name="java.version" value="11.0.27"/>
    <property name="user.dir" value="/home/gs-muhammad-zeeshan/Desktop/selgocompliance/seleniumframework"/>
    <property name="os.arch" value="amd64"/>
    <property name="java.vm.specification.name" value="Java Virtual Machine Specification"/>
    <property name="java.awt.printerjob" value="sun.print.PSPrinterJob"/>
    <property name="sun.os.patch.level" value="unknown"/>
    <property name="java.library.path" value="/usr/java/packages/lib:/usr/lib/x86_64-linux-gnu/jni:/lib/x86_64-linux-gnu:/usr/lib/x86_64-linux-gnu:/usr/lib/jni:/lib:/usr/lib"/>
    <property name="java.vm.info" value="mixed mode, sharing"/>
    <property name="java.vendor" value="Ubuntu"/>
    <property name="java.vm.version" value="11.0.27+6-post-Ubuntu-0ubuntu122.04"/>
    <property name="java.specification.maintenance.version" value="3"/>
    <property name="sun.io.unicode.encoding" value="UnicodeLittle"/>
    <property name="java.class.version" value="55.0"/>
  </properties>
  <testcase name="testloginfunctionality" classname="tests.LoginTest" time="19.038">
    <system-err><![CDATA[SLF4J: Failed to load class "org.slf4j.impl.StaticLoggerBinder".
SLF4J: Defaulting to no-operation (NOP) logger implementation
SLF4J: See http://www.slf4j.org/codes.html#StaticLoggerBinder for further details.
Jul 15, 2025 6:29:41 PM org.openqa.selenium.devtools.CdpVersionFinder findNearestMatch
WARNING: Unable to find CDP implementation matching 138
Jul 15, 2025 6:29:41 PM org.openqa.selenium.chromium.ChromiumDriver lambda$new$5
WARNING: Unable to find version of CDP to use for 138.0.7204.100. You may need to include a dependency on a specific version of the CDP using something similar to `org.seleniumhq.selenium:selenium-devtools-v86:4.19.0` where the version ("v86") matches the version of the chromium-based browser you're using and the version number of the artifact is the same as Selenium's.
]]></system-err>
  </testcase>
  <testcase name="ipcclasscflow" classname="tests.IpcaTest" time="234.967">
    <system-out><![CDATA[Attempting to locate 'Compliance' button...
'Compliance' button located.
Clicked 'Compliance' using JavaScript.
Forced open dropdown via JavaScript.
Dropdown menu is now visible.
Found 'Request compliance from supplier' option.
Clicked 'Request compliance from supplier' successfully.
Compliance request dialog appeared.
Specifications dropdown[[[ChromeDriver: chrome on linux (f630bbec66685c62ce94937fff864bc5)] -> tag name: oj-select-one], [[ChromeDriver: chrome on linux (f630bbec66685c62ce94937fff864bc5)] -> tag name: oj-select-one], [[ChromeDriver: chrome on linux (f630bbec66685c62ce94937fff864bc5)] -> tag name: oj-select-one]]
the create btn[[ChromeDriver: chrome on linux (f630bbec66685c62ce94937fff864bc5)] -> xpath: //div[@slot='footer']//span[text()='Create']/ancestor::button]
YES BUTTON FOUND?[[ChromeDriver: chrome on linux (f630bbec66685c62ce94937fff864bc5)] -> xpath: //div[@slot='footer']//span[text()='Yes']/ancestor::button]
INSIDE THE VERIFY OPEN DECLARATION SCREEN
]]></system-out>
    <system-err><![CDATA[Jul 15, 2025 6:30:01 PM org.openqa.selenium.devtools.CdpVersionFinder findNearestMatch
WARNING: Unable to find CDP implementation matching 138
Jul 15, 2025 6:30:01 PM org.openqa.selenium.chromium.ChromiumDriver lambda$new$5
WARNING: Unable to find version of CDP to use for 138.0.7204.100. You may need to include a dependency on a specific version of the CDP using something similar to `org.seleniumhq.selenium:selenium-devtools-v86:4.19.0` where the version ("v86") matches the version of the chromium-based browser you're using and the version number of the artifact is the same as Selenium's.
]]></system-err>
  </testcase>
  <testcase name="ipcclasscflow" classname="tests.IpccTest" time="233.518">
    <system-out><![CDATA[Attempting to locate 'Compliance' button...
'Compliance' button located.
Clicked 'Compliance' using JavaScript.
Forced open dropdown via JavaScript.
Dropdown menu is now visible.
Found 'Request compliance from supplier' option.
Clicked 'Request compliance from supplier' successfully.
Compliance request dialog appeared.
Specifications dropdown[[[ChromeDriver: chrome on linux (e727225534aaf3b8644895d30e431116)] -> tag name: oj-select-one], [[ChromeDriver: chrome on linux (e727225534aaf3b8644895d30e431116)] -> tag name: oj-select-one], [[ChromeDriver: chrome on linux (e727225534aaf3b8644895d30e431116)] -> tag name: oj-select-one]]
the create btn[[ChromeDriver: chrome on linux (e727225534aaf3b8644895d30e431116)] -> xpath: //div[@slot='footer']//span[text()='Create']/ancestor::button]
YES BUTTON FOUND?[[ChromeDriver: chrome on linux (e727225534aaf3b8644895d30e431116)] -> xpath: //div[@slot='footer']//span[text()='Yes']/ancestor::button]
INSIDE THE VERIFY OPEN DECLARATION SCREEN
]]></system-out>
    <system-err><![CDATA[Jul 15, 2025 6:33:58 PM org.openqa.selenium.devtools.CdpVersionFinder findNearestMatch
WARNING: Unable to find CDP implementation matching 138
Jul 15, 2025 6:33:58 PM org.openqa.selenium.chromium.ChromiumDriver lambda$new$5
WARNING: Unable to find version of CDP to use for 138.0.7204.100. You may need to include a dependency on a specific version of the CDP using something similar to `org.seleniumhq.selenium:selenium-devtools-v86:4.19.0` where the version ("v86") matches the version of the chromium-based browser you're using and the version number of the artifact is the same as Selenium's.
]]></system-err>
  </testcase>
  <testcase name="validateamlreport" classname="tests.AmlReportTest" time="44.174">
    <system-err><![CDATA[Jul 15, 2025 6:37:53 PM org.openqa.selenium.devtools.CdpVersionFinder findNearestMatch
WARNING: Unable to find CDP implementation matching 138
Jul 15, 2025 6:37:53 PM org.openqa.selenium.chromium.ChromiumDriver lambda$new$5
WARNING: Unable to find version of CDP to use for 138.0.7204.100. You may need to include a dependency on a specific version of the CDP using something similar to `org.seleniumhq.selenium:selenium-devtools-v86:4.19.0` where the version ("v86") matches the version of the chromium-based browser you're using and the version number of the artifact is the same as Selenium's.
]]></system-err>
  </testcase>
  <testcase name="validatebomreport" classname="tests.BomReportTest" time="78.154">
    <failure message="no such element: Unable to locate element: {&quot;method&quot;:&quot;xpath&quot;,&quot;selector&quot;:&quot;//div[text()=&apos;AUT-SPECIFICATIONHOMOG&apos;]&quot;}&#10;  (Session info: chrome=138.0.7204.100)&#10;For documentation on this error, please visit: https://www.selenium.dev/documentation/webdriver/troubleshooting/errors#no-such-element-exception&#10;Build info: version: &apos;4.19.0&apos;, revision: &apos;5f9cec8963&apos;&#10;System info: os.name: &apos;Linux&apos;, os.arch: &apos;amd64&apos;, os.version: &apos;6.8.0-60-generic&apos;, java.version: &apos;11.0.27&apos;&#10;Driver info: org.openqa.selenium.chrome.ChromeDriver&#10;Command: [5c96cbb50415495919d4293e7d5ad971, findElement {using=xpath, value=//div[text()=&apos;AUT-SPECIFICATIONHOMOG&apos;]}]&#10;Capabilities {acceptInsecureCerts: false, browserName: chrome, browserVersion: 138.0.7204.100, chrome: {chromedriverVersion: 138.0.7204.92 (f079b9bc781e..., userDataDir: /tmp/.org.chromium.Chromium...}, fedcm:accounts: true, goog:chromeOptions: {debuggerAddress: localhost:35509}, networkConnectionEnabled: false, pageLoadStrategy: normal, platformName: linux, proxy: Proxy(), se:cdp: ws://localhost:35509/devtoo..., se:cdpVersion: 138.0.7204.100, setWindowRect: true, strictFileInteractability: false, timeouts: {implicit: 0, pageLoad: 300000, script: 30000}, unhandledPromptBehavior: dismiss and notify, webauthn:extension:credBlob: true, webauthn:extension:largeBlob: true, webauthn:extension:minPinLength: true, webauthn:extension:prf: true, webauthn:virtualAuthenticators: true}&#10;Session ID: 5c96cbb50415495919d4293e7d5ad971" type="org.openqa.selenium.NoSuchElementException"><![CDATA[org.openqa.selenium.NoSuchElementException: 
no such element: Unable to locate element: {"method":"xpath","selector":"//div[text()='AUT-SPECIFICATIONHOMOG']"}
  (Session info: chrome=138.0.7204.100)
For documentation on this error, please visit: https://www.selenium.dev/documentation/webdriver/troubleshooting/errors#no-such-element-exception
Build info: version: '4.19.0', revision: '5f9cec8963'
System info: os.name: 'Linux', os.arch: 'amd64', os.version: '6.8.0-60-generic', java.version: '11.0.27'
Driver info: org.openqa.selenium.chrome.ChromeDriver
Command: [5c96cbb50415495919d4293e7d5ad971, findElement {using=xpath, value=//div[text()='AUT-SPECIFICATIONHOMOG']}]
Capabilities {acceptInsecureCerts: false, browserName: chrome, browserVersion: 138.0.7204.100, chrome: {chromedriverVersion: 138.0.7204.92 (f079b9bc781e..., userDataDir: /tmp/.org.chromium.Chromium...}, fedcm:accounts: true, goog:chromeOptions: {debuggerAddress: localhost:35509}, networkConnectionEnabled: false, pageLoadStrategy: normal, platformName: linux, proxy: Proxy(), se:cdp: ws://localhost:35509/devtoo..., se:cdpVersion: 138.0.7204.100, setWindowRect: true, strictFileInteractability: false, timeouts: {implicit: 0, pageLoad: 300000, script: 30000}, unhandledPromptBehavior: dismiss and notify, webauthn:extension:credBlob: true, webauthn:extension:largeBlob: true, webauthn:extension:minPinLength: true, webauthn:extension:prf: true, webauthn:virtualAuthenticators: true}
Session ID: 5c96cbb50415495919d4293e7d5ad971
	at java.base/jdk.internal.reflect.NativeConstructorAccessorImpl.newInstance0(Native Method)
	at java.base/jdk.internal.reflect.NativeConstructorAccessorImpl.newInstance(NativeConstructorAccessorImpl.java:62)
	at java.base/jdk.internal.reflect.DelegatingConstructorAccessorImpl.newInstance(DelegatingConstructorAccessorImpl.java:45)
	at java.base/java.lang.reflect.Constructor.newInstance(Constructor.java:490)
	at org.openqa.selenium.remote.ErrorCodec.decode(ErrorCodec.java:167)
	at org.openqa.selenium.remote.codec.w3c.W3CHttpResponseCodec.decode(W3CHttpResponseCodec.java:138)
	at org.openqa.selenium.remote.codec.w3c.W3CHttpResponseCodec.decode(W3CHttpResponseCodec.java:50)
	at org.openqa.selenium.remote.HttpCommandExecutor.execute(HttpCommandExecutor.java:190)
	at org.openqa.selenium.remote.service.DriverCommandExecutor.invokeExecute(DriverCommandExecutor.java:216)
	at org.openqa.selenium.remote.service.DriverCommandExecutor.execute(DriverCommandExecutor.java:174)
	at org.openqa.selenium.remote.RemoteWebDriver.execute(RemoteWebDriver.java:518)
	at org.openqa.selenium.remote.ElementLocation$ElementFinder$2.findElement(ElementLocation.java:165)
	at org.openqa.selenium.remote.ElementLocation.findElement(ElementLocation.java:59)
	at org.openqa.selenium.remote.RemoteWebDriver.findElement(RemoteWebDriver.java:355)
	at org.openqa.selenium.remote.RemoteWebDriver.findElement(RemoteWebDriver.java:349)
	at com.example.pages.ItemBlock.viewbomreport(ItemBlock.java:67)
	at tests.BomReportTest.validatebomreport(BomReportTest.java:29)
	at java.base/jdk.internal.reflect.NativeMethodAccessorImpl.invoke0(Native Method)
	at java.base/jdk.internal.reflect.NativeMethodAccessorImpl.invoke(NativeMethodAccessorImpl.java:62)
	at java.base/jdk.internal.reflect.DelegatingMethodAccessorImpl.invoke(DelegatingMethodAccessorImpl.java:43)
	at java.base/java.lang.reflect.Method.invoke(Method.java:566)
	at org.testng.internal.invokers.MethodInvocationHelper.invokeMethod(MethodInvocationHelper.java:139)
	at org.testng.internal.invokers.TestInvoker.invokeMethod(TestInvoker.java:664)
	at org.testng.internal.invokers.TestInvoker.invokeTestMethod(TestInvoker.java:228)
	at org.testng.internal.invokers.MethodRunner.runInSequence(MethodRunner.java:63)
	at org.testng.internal.invokers.TestInvoker$MethodInvocationAgent.invoke(TestInvoker.java:961)
	at org.testng.internal.invokers.TestInvoker.invokeTestMethods(TestInvoker.java:201)
	at org.testng.internal.invokers.TestMethodWorker.invokeTestMethods(TestMethodWorker.java:148)
	at org.testng.internal.invokers.TestMethodWorker.run(TestMethodWorker.java:128)
	at java.base/java.util.ArrayList.forEach(ArrayList.java:1541)
	at org.testng.TestRunner.privateRun(TestRunner.java:819)
	at org.testng.TestRunner.run(TestRunner.java:619)
	at org.testng.SuiteRunner.runTest(SuiteRunner.java:443)
	at org.testng.SuiteRunner.runSequentially(SuiteRunner.java:437)
	at org.testng.SuiteRunner.privateRun(SuiteRunner.java:397)
	at org.testng.SuiteRunner.run(SuiteRunner.java:336)
	at org.testng.SuiteRunnerWorker.runSuite(SuiteRunnerWorker.java:52)
	at org.testng.SuiteRunnerWorker.run(SuiteRunnerWorker.java:95)
	at org.testng.TestNG.runSuitesSequentially(TestNG.java:1301)
	at org.testng.TestNG.runSuitesLocally(TestNG.java:1228)
	at org.testng.TestNG.runSuites(TestNG.java:1134)
	at org.testng.TestNG.run(TestNG.java:1101)
	at org.apache.maven.surefire.testng.TestNGExecutor.run(TestNGExecutor.java:308)
	at org.apache.maven.surefire.testng.TestNGXmlTestSuite.execute(TestNGXmlTestSuite.java:71)
	at org.apache.maven.surefire.testng.TestNGProvider.invoke(TestNGProvider.java:113)
	at org.apache.maven.surefire.booter.ForkedBooter.runSuitesInProcess(ForkedBooter.java:385)
	at org.apache.maven.surefire.booter.ForkedBooter.execute(ForkedBooter.java:162)
	at org.apache.maven.surefire.booter.ForkedBooter.run(ForkedBooter.java:507)
	at org.apache.maven.surefire.booter.ForkedBooter.main(ForkedBooter.java:495)
]]></failure>
    <system-err><![CDATA[Jul 15, 2025 6:38:38 PM org.openqa.selenium.devtools.CdpVersionFinder findNearestMatch
WARNING: Unable to find CDP implementation matching 138
Jul 15, 2025 6:38:38 PM org.openqa.selenium.chromium.ChromiumDriver lambda$new$5
WARNING: Unable to find version of CDP to use for 138.0.7204.100. You may need to include a dependency on a specific version of the CDP using something similar to `org.seleniumhq.selenium:selenium-devtools-v86:4.19.0` where the version ("v86") matches the version of the chromium-based browser you're using and the version number of the artifact is the same as Selenium's.
]]></system-err>
  </testcase>
</testsuite>