<?xml version="1.0" encoding="UTF-8"?>
<!-- Generated by org.testng.reporters.JUnitReportReporter -->
<testsuite hostname="GS-Muhammad-Zeeshan" failures="0" tests="1" name="tests.IpcaTest" time="236.261" errors="0" timestamp="2025-07-15T18:39:57 PKT" skipped="0">
  <testcase classname="tests.IpcaTest" name="ipcclasscflow" time="236.261"/>
</testsuite> <!-- tests.IpcaTest -->
